Sep 24, 2018 6:56:38 PM DirWalker walk
INFO: /Users/nawazhussain/Desktop/A00428036_MCDA5510/Assignment1/SampleData/2018/5/22/CustomerData0.csv
Sep 24, 2018 6:56:38 PM DirWalker walk
INFO: /Users/nawazhussain/Desktop/A00428036_MCDA5510/Assignment1/SampleData/2018/5/22/CustomerData16.csv
Sep 24, 2018 6:56:38 PM DirWalker walk
INFO: /Users/nawazhussain/Desktop/A00428036_MCDA5510/Assignment1/SampleData/2018/5/22/CustomerData17.csv
Sep 24, 2018 6:56:38 PM DirWalker walk
INFO: /Users/nawazhussain/Desktop/A00428036_MCDA5510/Assignment1/SampleData/2018/5/22/CustomerData15.csv
Sep 24, 2018 6:56:38 PM DirWalker walk
INFO: /Users/nawazhussain/Desktop/A00428036_MCDA5510/Assignment1/SampleData/2018/5/22/CustomerData14.csv
Sep 24, 2018 6:56:38 PM DirWalker walk
INFO: /Users/nawazhussain/Desktop/A00428036_MCDA5510/Assignment1/SampleData/2018/5/22/CustomerData10.csv
Sep 24, 2018 6:56:38 PM DirWalker walk
INFO: /Users/nawazhussain/Desktop/A00428036_MCDA5510/Assignment1/SampleData/2018/5/22/CustomerData11.csv
Sep 24, 2018 6:56:38 PM DirWalker walk
INFO: /Users/nawazhussain/Desktop/A00428036_MCDA5510/Assignment1/SampleData/2018/5/22/CustomerData13.csv
Sep 24, 2018 6:56:38 PM DirWalker walk
INFO: /Users/nawazhussain/Desktop/A00428036_MCDA5510/Assignment1/SampleData/2018/5/22/CustomerData12.csv
Sep 24, 2018 6:56:38 PM DirWalker walk
INFO: /Users/nawazhussain/Desktop/A00428036_MCDA5510/Assignment1/SampleData/2018/5/22/CustomerData19.csv
Sep 24, 2018 6:56:38 PM DirWalker walk
INFO: /Users/nawazhussain/Desktop/A00428036_MCDA5510/Assignment1/SampleData/2018/5/22/CustomerData18.csv
Sep 24, 2018 6:56:38 PM DirWalker walk
INFO: /Users/nawazhussain/Desktop/A00428036_MCDA5510/Assignment1/SampleData/2018/5/22/CustomerData8.csv
Sep 24, 2018 6:56:38 PM DirWalker walk
INFO: /Users/nawazhussain/Desktop/A00428036_MCDA5510/Assignment1/SampleData/2018/5/22/CustomerData9.csv
Sep 24, 2018 6:56:38 PM DirWalker walk
INFO: Dir:/Users/nawazhussain/Desktop/A00428036_MCDA5510/Assignment1/SampleData/2018/5/22
Sep 24, 2018 6:56:38 PM DirWalker walk
INFO: /Users/nawazhussain/Desktop/A00428036_MCDA5510/Assignment1/SampleData/2018/5/25/CustomerData4.csv
Sep 24, 2018 6:56:38 PM DirWalker walk
INFO: /Users/nawazhussain/Desktop/A00428036_MCDA5510/Assignment1/SampleData/2018/5/25/CustomerData5.csv
Sep 24, 2018 6:56:38 PM DirWalker walk
INFO: /Users/nawazhussain/Desktop/A00428036_MCDA5510/Assignment1/SampleData/2018/5/25/CustomerData7.csv
Sep 24, 2018 6:56:38 PM DirWalker walk
INFO: /Users/nawazhussain/Desktop/A00428036_MCDA5510/Assignment1/SampleData/2018/5/25/CustomerData6.csv
Sep 24, 2018 6:56:38 PM DirWalker walk
INFO: /Users/nawazhussain/Desktop/A00428036_MCDA5510/Assignment1/SampleData/2018/5/25/CustomerData2.csv
Sep 24, 2018 6:56:38 PM DirWalker walk
INFO: /Users/nawazhussain/Desktop/A00428036_MCDA5510/Assignment1/SampleData/2018/5/25/CustomerData3.csv
Sep 24, 2018 6:56:38 PM DirWalker walk
INFO: /Users/nawazhussain/Desktop/A00428036_MCDA5510/Assignment1/SampleData/2018/5/25/CustomerData1.csv
Sep 24, 2018 6:56:38 PM DirWalker walk
INFO: /Users/nawazhussain/Desktop/A00428036_MCDA5510/Assignment1/SampleData/2018/5/25/CustomerData0.csv
Sep 24, 2018 6:56:38 PM DirWalker walk
INFO: /Users/nawazhussain/Desktop/A00428036_MCDA5510/Assignment1/SampleData/2018/5/25/CustomerData16.csv
Sep 24, 2018 6:56:38 PM DirWalker walk
INFO: /Users/nawazhussain/Desktop/A00428036_MCDA5510/Assignment1/SampleData/2018/5/25/CustomerData17.csv
Sep 24, 2018 6:56:38 PM DirWalker walk
INFO: /Users/nawazhussain/Desktop/A00428036_MCDA5510/Assignment1/SampleData/2018/5/25/CustomerData29.csv
Sep 24, 2018 6:56:38 PM DirWalker walk
INFO: /Users/nawazhussain/Desktop/A00428036_MCDA5510/Assignment1/SampleData/2018/5/25/CustomerData15.csv
Sep 24, 2018 6:56:38 PM DirWalker walk
INFO: /Users/nawazhussain/Desktop/A00428036_MCDA5510/Assignment1/SampleData/2018/5/25/CustomerData14.csv
Sep 24, 2018 6:56:38 PM DirWalker walk
INFO: /Users/nawazhussain/Desktop/A00428036_MCDA5510/Assignment1/SampleData/2018/5/25/CustomerData28.csv
Sep 24, 2018 6:56:38 PM DirWalker walk
INFO: /Users/nawazhussain/Desktop/A00428036_MCDA5510/Assignment1/SampleData/2018/5/25/CustomerData10.csv
Sep 24, 2018 6:56:38 PM DirWalker walk
INFO: /Users/nawazhussain/Desktop/A00428036_MCDA5510/Assignment1/SampleData/2018/5/25/CustomerData11.csv
Sep 24, 2018 6:56:38 PM DirWalker walk
INFO: /Users/nawazhussain/Desktop/A00428036_MCDA5510/Assignment1/SampleData/2018/5/25/CustomerData13.csv
Sep 24, 2018 6:56:38 PM DirWalker walk
INFO: /Users/nawazhussain/Desktop/A00428036_MCDA5510/Assignment1/SampleData/2018/5/25/CustomerData12.csv
Sep 24, 2018 6:56:38 PM DirWalker walk
INFO: /Users/nawazhussain/Desktop/A00428036_MCDA5510/Assignment1/SampleData/2018/5/25/CustomerData23.csv
Sep 24, 2018 6:56:38 PM DirWalker walk
INFO: /Users/nawazhussain/Desktop/A00428036_MCDA5510/Assignment1/SampleData/2018/5/25/CustomerData22.csv
Sep 24, 2018 6:56:38 PM DirWalker walk
INFO: /Users/nawazhussain/Desktop/A00428036_MCDA5510/Assignment1/SampleData/2018/5/25/CustomerData20.csv
Sep 24, 2018 6:56:38 PM DirWalker walk
INFO: /Users/nawazhussain/Desktop/A00428036_MCDA5510/Assignment1/SampleData/2018/5/25/CustomerData21.csv
Sep 24, 2018 6:56:38 PM DirWalker walk
INFO: /Users/nawazhussain/Desktop/A00428036_MCDA5510/Assignment1/SampleData/2018/5/25/CustomerData25.csv
Sep 24, 2018 6:56:38 PM DirWalker walk
INFO: /Users/nawazhussain/Desktop/A00428036_MCDA5510/Assignment1/SampleData/2018/5/25/CustomerData19.csv
Sep 24, 2018 6:56:38 PM DirWalker walk
INFO: /Users/nawazhussain/Desktop/A00428036_MCDA5510/Assignment1/SampleData/2018/5/25/CustomerData18.csv
Sep 24, 2018 6:56:38 PM DirWalker walk
INFO: /Users/nawazhussain/Desktop/A00428036_MCDA5510/Assignment1/SampleData/2018/5/25/CustomerData24.csv
Sep 24, 2018 6:56:38 PM DirWalker walk
INFO: /Users/nawazhussain/Desktop/A00428036_MCDA5510/Assignment1/SampleData/2018/5/25/CustomerData30.csv
Sep 24, 2018 6:56:38 PM DirWalker walk
INFO: /Users/nawazhussain/Desktop/A00428036_MCDA5510/Assignment1/SampleData/2018/5/25/CustomerData26.csv
Sep 24, 2018 6:56:38 PM DirWalker walk
INFO: /Users/nawazhussain/Desktop/A00428036_MCDA5510/Assignment1/SampleData/2018/5/25/CustomerData27.csv
Sep 24, 2018 6:56:38 PM DirWalker walk
INFO: /Users/nawazhussain/Desktop/A00428036_MCDA5510/Assignment1/SampleData/2018/5/25/CustomerData8.csv
Sep 24, 2018 6:56:38 PM DirWalker walk
INFO: /Users/nawazhussain/Desktop/A00428036_MCDA5510/Assignment1/SampleData/2018/5/25/CustomerData9.csv
Sep 24, 2018 6:56:38 PM DirWalker walk
INFO: Dir:/Users/nawazhussain/Desktop/A00428036_MCDA5510/Assignment1/SampleData/2018/5/25
Sep 24, 2018 6:56:38 PM DirWalker walk
INFO: Dir:/Users/nawazhussain/Desktop/A00428036_MCDA5510/Assignment1/SampleData/2018/5
Sep 24, 2018 6:56:38 PM DirWalker walk
INFO: Dir:/Users/nawazhussain/Desktop/A00428036_MCDA5510/Assignment1/SampleData/2018
Sep 24, 2018 6:56:38 PM DirWalker main
INFO: Skipped Rows : 81834 Valid Rows : 201075
Sep 24, 2018 6:56:38 PM DirWalker main
INFO: Total execution time: 4403 ms
